SF:lib\src\solar_icon.dart
DA:58,2
DA:72,6
DA:160,2
DA:161,4
DA:167,2
DA:169,2
DA:170,3
DA:171,3
DA:172,6
DA:175,2
DA:176,3
DA:179,2
DA:180,6
DA:184,4
DA:185,2
DA:186,2
DA:187,2
DA:188,2
DA:193,2
DA:197,4
DA:198,1
DA:199,2
DA:200,1
DA:201,2
DA:202,2
DA:203,1
DA:204,1
DA:205,1
DA:206,1
DA:208,2
DA:211,1
DA:213,1
DA:215,1
DA:219,2
DA:220,2
DA:227,1
DA:228,1
DA:230,1
DA:231,3
DA:235,1
DA:236,1
DA:237,1
DA:238,1
DA:243,1
DA:245,1
DA:247,3
DA:248,3
DA:249,3
DA:250,3
DA:251,3
DA:252,3
DA:253,2
DA:254,1
DA:257,3
DA:258,3
DA:260,3
DA:262,3
LF:57
LH:57
end_of_record
SF:lib\src\solar_iconkit_data.g.dart
DA:13,0
LF:1
LH:0
end_of_record
